  BrickPile.cpp
c:\users\yurin\source\repos\project_1\project_1\puck.h(44): warning C4244: аргумент: преобразование "int" в "float", возможна потеря данных
c:\users\yurin\source\repos\project_1\project_1\puck.h(45): warning C4244: аргумент: преобразование "int" в "float", возможна потеря данных
c:\users\yurin\source\repos\project_1\project_1\puck.h(50): warning C4244: аргумент: преобразование "int" в "float", возможна потеря данных
c:\users\yurin\source\repos\project_1\project_1\puck.h(55): warning C4244: аргумент: преобразование "int" в "float", возможна потеря данных
c:\users\yurin\source\repos\project_1\project_1\brickpile.cpp(93): warning C4244: аргумент: преобразование "int" в "float", возможна потеря данных
  GameTable.cpp
c:\users\yurin\source\repos\project_1\project_1\puck.h(44): warning C4244: аргумент: преобразование "int" в "float", возможна потеря данных
c:\users\yurin\source\repos\project_1\project_1\puck.h(45): warning C4244: аргумент: преобразование "int" в "float", возможна потеря данных
c:\users\yurin\source\repos\project_1\project_1\puck.h(50): warning C4244: аргумент: преобразование "int" в "float", возможна потеря данных
c:\users\yurin\source\repos\project_1\project_1\puck.h(55): warning C4244: аргумент: преобразование "int" в "float", возможна потеря данных
  PROJECT_1.cpp
c:\users\yurin\source\repos\project_1\project_1\puck.h(44): warning C4244: аргумент: преобразование "int" в "float", возможна потеря данных
c:\users\yurin\source\repos\project_1\project_1\puck.h(45): warning C4244: аргумент: преобразование "int" в "float", возможна потеря данных
c:\users\yurin\source\repos\project_1\project_1\puck.h(50): warning C4244: аргумент: преобразование "int" в "float", возможна потеря данных
c:\users\yurin\source\repos\project_1\project_1\puck.h(55): warning C4244: аргумент: преобразование "int" в "float", возможна потеря данных
  Puck.cpp
c:\users\yurin\source\repos\project_1\project_1\puck.h(44): warning C4244: аргумент: преобразование "int" в "float", возможна потеря данных
c:\users\yurin\source\repos\project_1\project_1\puck.h(45): warning C4244: аргумент: преобразование "int" в "float", возможна потеря данных
c:\users\yurin\source\repos\project_1\project_1\puck.h(50): warning C4244: аргумент: преобразование "int" в "float", возможна потеря данных
c:\users\yurin\source\repos\project_1\project_1\puck.h(55): warning C4244: аргумент: преобразование "int" в "float", возможна потеря данных
  PuckSupply.cpp
c:\users\yurin\source\repos\project_1\project_1\puck.h(44): warning C4244: аргумент: преобразование "int" в "float", возможна потеря данных
c:\users\yurin\source\repos\project_1\project_1\puck.h(45): warning C4244: аргумент: преобразование "int" в "float", возможна потеря данных
c:\users\yurin\source\repos\project_1\project_1\puck.h(50): warning C4244: аргумент: преобразование "int" в "float", возможна потеря данных
c:\users\yurin\source\repos\project_1\project_1\puck.h(55): warning C4244: аргумент: преобразование "int" в "float", возможна потеря данных
  Создание кода...
c:\users\yurin\source\repos\project_1\project_1\pucksupply.cpp(57): warning C4715: PuckSupply::getPuck: значение возвращается не при всех путях выполнения
  PROJECT_1.vcxproj -> C:\Users\yurin\source\repos\PROJECT_1\x64\Debug\PROJECT_1.exe
